#! /usr/bin/vvp
:ivl_version "12.0 (stable)";
:ivl_delay_selection "TYPICAL";
:vpi_time_precision - 12;
:vpi_module "/usr/lib/x86_64-linux-gnu/ivl/system.vpi";
:vpi_module "/usr/lib/x86_64-linux-gnu/ivl/vhdl_sys.vpi";
:vpi_module "/usr/lib/x86_64-linux-gnu/ivl/vhdl_textio.vpi";
:vpi_module "/usr/lib/x86_64-linux-gnu/ivl/v2005_math.vpi";
:vpi_module "/usr/lib/x86_64-linux-gnu/ivl/va_math.vpi";
S_0x577f45245ca0 .scope module, "multiplier_tb" "multiplier_tb" 2 4;
 .timescale -12 -12;
v0x577f4526e7b0_0 .var "MD_tb", 3 0;
v0x577f4526e890_0 .var "MR_tb", 3 0;
v0x577f4526e930_0 .net "PP_tb", 7 0, v0x577f4526e050_0;  1 drivers
v0x577f4526ea00_0 .var "clk_tb", 0 0;
v0x577f4526ead0_0 .net "done_tb", 0 0, v0x577f4526e1f0_0;  1 drivers
v0x577f4526eb70_0 .var "init_tb", 0 0;
v0x577f4526ec40_0 .var "rst_tb", 0 0;
S_0x577f45245e30 .scope begin, "TEST_CASE" "TEST_CASE" 2 27, 2 27 0, S_0x577f45245ca0;
 .timescale -12 -12;
S_0x577f45203490 .scope task, "run_case" "run_case" 2 50, 2 50 0, S_0x577f45245ca0;
 .timescale -12 -12;
v0x577f45236520_0 .var "esperado", 7 0;
v0x577f45236740_0 .var "multiplicador", 3 0;
v0x577f45236a90_0 .var "multiplicando", 3 0;
v0x577f45232eb0_0 .var/i "timeout", 31 0;
E_0x577f4523ef90 .event posedge, v0x577f4526e130_0;
TD_multiplier_tb.run_case ;
    %load/vec4 v0x577f45236a90_0;
    %store/vec4 v0x577f4526e7b0_0, 0, 4;
    %load/vec4 v0x577f45236740_0;
    %store/vec4 v0x577f4526e890_0, 0, 4;
    %delay 2, 0;
    %wait E_0x577f4523ef90;
    %pushi/vec4 1, 0, 1;
    %store/vec4 v0x577f4526eb70_0, 0, 1;
    %wait E_0x577f4523ef90;
    %pushi/vec4 0, 0, 1;
    %store/vec4 v0x577f4526eb70_0, 0, 1;
    %pushi/vec4 0, 0, 32;
    %store/vec4 v0x577f45232eb0_0, 0, 32;
T_0.0 ;
    %load/vec4 v0x577f4526ead0_0;
    %nor/r;
    %flag_set/vec4 9;
    %flag_get/vec4 9;
    %jmp/0 T_0.2, 9;
    %load/vec4 v0x577f45232eb0_0;
    %cmpi/s 40, 0, 32;
    %flag_get/vec4 5;
    %and;
T_0.2;
    %flag_set/vec4 8;
    %jmp/0xz T_0.1, 8;
    %wait E_0x577f4523ef90;
    %load/vec4 v0x577f45232eb0_0;
    %addi 1, 0, 32;
    %store/vec4 v0x577f45232eb0_0, 0, 32;
    %jmp T_0.0;
T_0.1 ;
    %load/vec4 v0x577f4526ead0_0;
    %nor/r;
    %flag_set/vec4 8;
    %jmp/0xz  T_0.3, 8;
    %vpi_call 2 75 "$display", "[%0t ps] TIMEOUT: %0d x %0d -> PP=%0d (esperado %0d)", $time, v0x577f45236a90_0, v0x577f45236740_0, v0x577f4526e930_0, v0x577f45236520_0 {0 0 0};
    %jmp T_0.4;
T_0.3 ;
    %load/vec4 v0x577f4526e930_0;
    %load/vec4 v0x577f45236520_0;
    %cmp/e;
    %jmp/0xz  T_0.5, 6;
    %vpi_call 2 79 "$display", "[%0t ps] PASS: %0d x %0d -> PP=%0d (esperado %0d)", $time, v0x577f45236a90_0, v0x577f45236740_0, v0x577f4526e930_0, v0x577f45236520_0 {0 0 0};
    %jmp T_0.6;
T_0.5 ;
    %vpi_call 2 82 "$display", "[%0t ps] FAIL: %0d x %0d -> PP=%0d (esperado %0d)", $time, v0x577f45236a90_0, v0x577f45236740_0, v0x577f4526e930_0, v0x577f45236520_0 {0 0 0};
T_0.6 ;
T_0.4 ;
    %pushi/vec4 2, 0, 32;
T_0.7 %dup/vec4;
    %pushi/vec4 0, 0, 32;
    %cmp/s;
    %jmp/1xz T_0.8, 5;
    %jmp/1 T_0.8, 4;
    %pushi/vec4 1, 0, 32;
    %sub;
    %wait E_0x577f4523ef90;
    %jmp T_0.7;
T_0.8 ;
    %pop/vec4 1;
    %end;
S_0x577f4526d770 .scope module, "uut" "multiplier" 2 17, 3 1 0, S_0x577f45245ca0;
 .timescale 0 0;
    .port_info 0 /INPUT 1 "init";
    .port_info 1 /INPUT 1 "clk";
    .port_info 2 /INPUT 1 "rst";
    .port_info 3 /INPUT 4 "MD";
    .port_info 4 /INPUT 4 "MR";
    .port_info 5 /OUTPUT 8 "PP";
    .port_info 6 /OUTPUT 1 "done";
P_0x577f4526d950 .param/l "ADD" 1 3 14, C4<010>;
P_0x577f4526d990 .param/l "CHECK" 1 3 13, C4<001>;
P_0x577f4526d9d0 .param/l "END_STATE" 1 3 16, C4<100>;
P_0x577f4526da10 .param/l "SHIFT" 1 3 15, C4<011>;
P_0x577f4526da50 .param/l "START" 1 3 12, C4<000>;
v0x577f4522bd60_0 .var "A", 7 0;
v0x577f4522c0d0_0 .var "B", 3 0;
v0x577f4522c790_0 .net "LSB_B", 0 0, L_0x577f4526ed10;  1 drivers
v0x577f4526de40_0 .net "MD", 3 0, v0x577f4526e7b0_0;  1 drivers
v0x577f4526df20_0 .net "MR", 3 0, v0x577f4526e890_0;  1 drivers
v0x577f4526e050_0 .var "PP", 7 0;
v0x577f4526e130_0 .net "clk", 0 0, v0x577f4526ea00_0;  1 drivers
v0x577f4526e1f0_0 .var "done", 0 0;
v0x577f4526e2b0_0 .var "fsm_state", 2 0;
v0x577f4526e390_0 .net "init", 0 0, v0x577f4526eb70_0;  1 drivers
v0x577f4526e450_0 .var "iter", 1 0;
v0x577f4526e530_0 .var "next_state", 2 0;
v0x577f4526e610_0 .net "rst", 0 0, v0x577f4526ec40_0;  1 drivers
E_0x577f45203dd0 .event anyedge, v0x577f4526e2b0_0, v0x577f4522c790_0, v0x577f4526e450_0;
L_0x577f4526ed10 .part v0x577f4522c0d0_0, 0, 1;
    .scope S_0x577f4526d770;
T_1 ;
    %wait E_0x577f45203dd0;
    %load/vec4 v0x577f4526e2b0_0;
    %store/vec4 v0x577f4526e530_0, 0, 3;
    %load/vec4 v0x577f4526e2b0_0;
    %dup/vec4;
    %pushi/vec4 0, 0, 3;
    %cmp/u;
    %jmp/1 T_1.0, 6;
    %dup/vec4;
    %pushi/vec4 1, 0, 3;
    %cmp/u;
    %jmp/1 T_1.1, 6;
    %dup/vec4;
    %pushi/vec4 2, 0, 3;
    %cmp/u;
    %jmp/1 T_1.2, 6;
    %dup/vec4;
    %pushi/vec4 3, 0, 3;
    %cmp/u;
    %jmp/1 T_1.3, 6;
    %dup/vec4;
    %pushi/vec4 4, 0, 3;
    %cmp/u;
    %jmp/1 T_1.4, 6;
    %pushi/vec4 0, 0, 3;
    %store/vec4 v0x577f4526e530_0, 0, 3;
    %jmp T_1.6;
T_1.0 ;
    %pushi/vec4 0, 0, 3;
    %store/vec4 v0x577f4526e530_0, 0, 3;
    %jmp T_1.6;
T_1.1 ;
    %load/vec4 v0x577f4522c790_0;
    %cmpi/e 1, 0, 1;
    %flag_mov 8, 4;
    %jmp/0 T_1.7, 8;
    %pushi/vec4 2, 0, 3;
    %jmp/1 T_1.8, 8;
T_1.7 ; End of true expr.
    %pushi/vec4 3, 0, 3;
    %jmp/0 T_1.8, 8;
 ; End of false expr.
    %blend;
T_1.8;
    %store/vec4 v0x577f4526e530_0, 0, 3;
    %jmp T_1.6;
T_1.2 ;
    %pushi/vec4 3, 0, 3;
    %store/vec4 v0x577f4526e530_0, 0, 3;
    %jmp T_1.6;
T_1.3 ;
    %load/vec4 v0x577f4526e450_0;
    %cmpi/e 3, 0, 2;
    %flag_mov 8, 4;
    %jmp/0 T_1.9, 8;
    %pushi/vec4 4, 0, 3;
    %jmp/1 T_1.10, 8;
T_1.9 ; End of true expr.
    %pushi/vec4 1, 0, 3;
    %jmp/0 T_1.10, 8;
 ; End of false expr.
    %blend;
T_1.10;
    %store/vec4 v0x577f4526e530_0, 0, 3;
    %jmp T_1.6;
T_1.4 ;
    %pushi/vec4 4, 0, 3;
    %store/vec4 v0x577f4526e530_0, 0, 3;
    %jmp T_1.6;
T_1.6 ;
    %pop/vec4 1;
    %jmp T_1;
    .thread T_1, $push;
    .scope S_0x577f4526d770;
T_2 ;
    %wait E_0x577f4523ef90;
    %load/vec4 v0x577f4526e610_0;
    %flag_set/vec4 8;
    %jmp/0xz  T_2.0, 8;
    %pushi/vec4 0, 0, 3;
    %assign/vec4 v0x577f4526e2b0_0, 0;
    %pushi/vec4 0, 0, 8;
    %assign/vec4 v0x577f4526e050_0, 0;
    %pushi/vec4 0, 0, 8;
    %assign/vec4 v0x577f4522bd60_0, 0;
    %pushi/vec4 0, 0, 4;
    %assign/vec4 v0x577f4522c0d0_0, 0;
    %pushi/vec4 0, 0, 2;
    %assign/vec4 v0x577f4526e450_0, 0;
    %pushi/vec4 0, 0, 1;
    %assign/vec4 v0x577f4526e1f0_0, 0;
    %jmp T_2.1;
T_2.0 ;
    %load/vec4 v0x577f4526e390_0;
    %flag_set/vec4 8;
    %jmp/0xz  T_2.2, 8;
    %pushi/vec4 1, 0, 3;
    %assign/vec4 v0x577f4526e2b0_0, 0;
    %pushi/vec4 0, 0, 8;
    %assign/vec4 v0x577f4526e050_0, 0;
    %pushi/vec4 0, 0, 4;
    %load/vec4 v0x577f4526de40_0;
    %concat/vec4; draw_concat_vec4
    %assign/vec4 v0x577f4522bd60_0, 0;
    %load/vec4 v0x577f4526df20_0;
    %assign/vec4 v0x577f4522c0d0_0, 0;
    %pushi/vec4 0, 0, 2;
    %assign/vec4 v0x577f4526e450_0, 0;
    %pushi/vec4 0, 0, 1;
    %assign/vec4 v0x577f4526e1f0_0, 0;
    %jmp T_2.3;
T_2.2 ;
    %load/vec4 v0x577f4526e530_0;
    %assign/vec4 v0x577f4526e2b0_0, 0;
    %load/vec4 v0x577f4526e2b0_0;
    %dup/vec4;
    %pushi/vec4 0, 0, 3;
    %cmp/u;
    %jmp/1 T_2.4, 6;
    %dup/vec4;
    %pushi/vec4 1, 0, 3;
    %cmp/u;
    %jmp/1 T_2.5, 6;
    %dup/vec4;
    %pushi/vec4 2, 0, 3;
    %cmp/u;
    %jmp/1 T_2.6, 6;
    %dup/vec4;
    %pushi/vec4 3, 0, 3;
    %cmp/u;
    %jmp/1 T_2.7, 6;
    %dup/vec4;
    %pushi/vec4 4, 0, 3;
    %cmp/u;
    %jmp/1 T_2.8, 6;
    %jmp T_2.10;
T_2.4 ;
    %pushi/vec4 0, 0, 1;
    %assign/vec4 v0x577f4526e1f0_0, 0;
    %jmp T_2.10;
T_2.5 ;
    %jmp T_2.10;
T_2.6 ;
    %load/vec4 v0x577f4526e050_0;
    %load/vec4 v0x577f4522bd60_0;
    %add;
    %assign/vec4 v0x577f4526e050_0, 0;
    %jmp T_2.10;
T_2.7 ;
    %load/vec4 v0x577f4522bd60_0;
    %ix/load 4, 1, 0;
    %flag_set/imm 4, 0;
    %shiftl 4;
    %assign/vec4 v0x577f4522bd60_0, 0;
    %load/vec4 v0x577f4522c0d0_0;
    %ix/load 4, 1, 0;
    %flag_set/imm 4, 0;
    %shiftr 4;
    %assign/vec4 v0x577f4522c0d0_0, 0;
    %load/vec4 v0x577f4526e450_0;
    %addi 1, 0, 2;
    %assign/vec4 v0x577f4526e450_0, 0;
    %jmp T_2.10;
T_2.8 ;
    %pushi/vec4 1, 0, 1;
    %assign/vec4 v0x577f4526e1f0_0, 0;
    %jmp T_2.10;
T_2.10 ;
    %pop/vec4 1;
T_2.3 ;
T_2.1 ;
    %jmp T_2;
    .thread T_2;
    .scope S_0x577f45245ca0;
T_3 ;
    %pushi/vec4 0, 0, 1;
    %store/vec4 v0x577f4526ea00_0, 0, 1;
    %end;
    .thread T_3;
    .scope S_0x577f45245ca0;
T_4 ;
    %delay 5, 0;
    %load/vec4 v0x577f4526ea00_0;
    %inv;
    %store/vec4 v0x577f4526ea00_0, 0, 1;
    %jmp T_4;
    .thread T_4;
    .scope S_0x577f45245ca0;
T_5 ;
    %fork t_1, S_0x577f45245e30;
    %jmp t_0;
    .scope S_0x577f45245e30;
t_1 ;
    %vpi_call 2 28 "$dumpfile", "multiplier_tb.vcd" {0 0 0};
    %vpi_call 2 29 "$dumpvars", 32'sb00000000000000000000000000000000, S_0x577f45245ca0 {0 0 0};
    %end;
    .scope S_0x577f45245ca0;
t_0 %join;
    %end;
    .thread T_5;
    .scope S_0x577f45245ca0;
T_6 ;
    %vpi_call 2 34 "$display", "\012=== multiplier_tb: traza por ciclo ===" {0 0 0};
    %vpi_call 2 35 "$display", "time(ps) | MD MR |  PP  |    A    B  iter | done | state" {0 0 0};
    %vpi_call 2 36 "$display", "--------------------------------------------------------" {0 0 0};
    %end;
    .thread T_6;
    .scope S_0x577f45245ca0;
T_7 ;
    %wait E_0x577f4523ef90;
    %vpi_call 2 40 "$display", "%8t |  %0d  %0d | %3d  | %3d %3d   %0d  |  %b   | %b", $time, v0x577f4526e7b0_0, v0x577f4526e890_0, v0x577f4526e930_0, v0x577f4522bd60_0, v0x577f4522c0d0_0, v0x577f4526e450_0, v0x577f4526ead0_0, v0x577f4526e2b0_0 {0 0 0};
    %jmp T_7;
    .thread T_7;
    .scope S_0x577f45245ca0;
T_8 ;
    %pushi/vec4 0, 0, 1;
    %store/vec4 v0x577f4526eb70_0, 0, 1;
    %pushi/vec4 0, 0, 4;
    %store/vec4 v0x577f4526e7b0_0, 0, 4;
    %pushi/vec4 0, 0, 4;
    %store/vec4 v0x577f4526e890_0, 0, 4;
    %pushi/vec4 1, 0, 1;
    %store/vec4 v0x577f4526ec40_0, 0, 1;
    %pushi/vec4 3, 0, 32;
T_8.0 %dup/vec4;
    %pushi/vec4 0, 0, 32;
    %cmp/s;
    %jmp/1xz T_8.1, 5;
    %jmp/1 T_8.1, 4;
    %pushi/vec4 1, 0, 32;
    %sub;
    %wait E_0x577f4523ef90;
    %jmp T_8.0;
T_8.1 ;
    %pop/vec4 1;
    %wait E_0x577f4523ef90;
    %pushi/vec4 0, 0, 1;
    %store/vec4 v0x577f4526ec40_0, 0, 1;
    %wait E_0x577f4523ef90;
    %vpi_call 2 106 "$display", "\012=== Inicio de tests ===" {0 0 0};
    %pushi/vec4 5, 0, 4;
    %store/vec4 v0x577f45236a90_0, 0, 4;
    %pushi/vec4 3, 0, 4;
    %store/vec4 v0x577f45236740_0, 0, 4;
    %pushi/vec4 15, 0, 8;
    %store/vec4 v0x577f45236520_0, 0, 8;
    %fork TD_multiplier_tb.run_case, S_0x577f45203490;
    %join;
    %pushi/vec4 7, 0, 4;
    %store/vec4 v0x577f45236a90_0, 0, 4;
    %pushi/vec4 7, 0, 4;
    %store/vec4 v0x577f45236740_0, 0, 4;
    %pushi/vec4 49, 0, 8;
    %store/vec4 v0x577f45236520_0, 0, 8;
    %fork TD_multiplier_tb.run_case, S_0x577f45203490;
    %join;
    %pushi/vec4 6, 0, 4;
    %store/vec4 v0x577f45236a90_0, 0, 4;
    %pushi/vec4 2, 0, 4;
    %store/vec4 v0x577f45236740_0, 0, 4;
    %pushi/vec4 12, 0, 8;
    %store/vec4 v0x577f45236520_0, 0, 8;
    %fork TD_multiplier_tb.run_case, S_0x577f45203490;
    %join;
    %pushi/vec4 0, 0, 4;
    %store/vec4 v0x577f45236a90_0, 0, 4;
    %pushi/vec4 7, 0, 4;
    %store/vec4 v0x577f45236740_0, 0, 4;
    %pushi/vec4 0, 0, 8;
    %store/vec4 v0x577f45236520_0, 0, 8;
    %fork TD_multiplier_tb.run_case, S_0x577f45203490;
    %join;
    %vpi_call 2 121 "$display", "=== Fin de tests ===" {0 0 0};
    %delay 50, 0;
    %vpi_call 2 124 "$finish" {0 0 0};
    %end;
    .thread T_8;
# The file index is used to find the file name in the following table.
:file_names 4;
    "N/A";
    "<interactive>";
    "multiplier4b_tb.v";
    "./multiplier4b.v";
