#! /usr/bin/vvp
:ivl_version "12.0 (stable)";
:ivl_delay_selection "TYPICAL";
:vpi_time_precision - 12;
:vpi_module "/usr/lib/x86_64-linux-gnu/ivl/system.vpi";
:vpi_module "/usr/lib/x86_64-linux-gnu/ivl/vhdl_sys.vpi";
:vpi_module "/usr/lib/x86_64-linux-gnu/ivl/vhdl_textio.vpi";
:vpi_module "/usr/lib/x86_64-linux-gnu/ivl/v2005_math.vpi";
:vpi_module "/usr/lib/x86_64-linux-gnu/ivl/va_math.vpi";
S_0x564b59e95e30 .scope module, "tb_shifter4" "tb_shifter4" 2 3;
 .timescale -9 -12;
v0x564b59ebbfa0_0 .var "A", 3 0;
v0x564b59ebc090_0 .var "B", 1 0;
v0x564b59ebc160_0 .net "Y", 3 0, L_0x564b59ebc260;  1 drivers
S_0x564b59ea98a0 .scope module, "dut" "shifter4_logical_left" 2 9, 3 2 0, S_0x564b59e95e30;
 .timescale 0 0;
    .port_info 0 /INPUT 4 "A";
    .port_info 1 /INPUT 2 "B";
    .port_info 2 /OUTPUT 4 "Y";
v0x564b59ea9ad0_0 .net "A", 3 0, v0x564b59ebbfa0_0;  1 drivers
v0x564b59ebbd80_0 .net "B", 1 0, v0x564b59ebc090_0;  1 drivers
v0x564b59ebbe60_0 .net "Y", 3 0, L_0x564b59ebc260;  alias, 1 drivers
L_0x564b59ebc260 .shift/l 4, v0x564b59ebbfa0_0, v0x564b59ebc090_0;
    .scope S_0x564b59e95e30;
T_0 ;
    %vpi_call 2 12 "$dumpfile", "shifter4.vcd" {0 0 0};
    %vpi_call 2 13 "$dumpvars", 32'sb00000000000000000000000000000000, S_0x564b59e95e30 {0 0 0};
    %pushi/vec4 11, 0, 4;
    %store/vec4 v0x564b59ebbfa0_0, 0, 4;
    %pushi/vec4 0, 0, 2;
    %store/vec4 v0x564b59ebc090_0, 0, 2;
    %delay 5000, 0;
    %pushi/vec4 1, 0, 2;
    %store/vec4 v0x564b59ebc090_0, 0, 2;
    %delay 5000, 0;
    %pushi/vec4 2, 0, 2;
    %store/vec4 v0x564b59ebc090_0, 0, 2;
    %delay 5000, 0;
    %pushi/vec4 3, 0, 2;
    %store/vec4 v0x564b59ebc090_0, 0, 2;
    %delay 5000, 0;
    %pushi/vec4 5, 0, 4;
    %store/vec4 v0x564b59ebbfa0_0, 0, 4;
    %pushi/vec4 1, 0, 2;
    %store/vec4 v0x564b59ebc090_0, 0, 2;
    %delay 5000, 0;
    %pushi/vec4 15, 0, 4;
    %store/vec4 v0x564b59ebbfa0_0, 0, 4;
    %pushi/vec4 3, 0, 2;
    %store/vec4 v0x564b59ebc090_0, 0, 2;
    %delay 5000, 0;
    %pushi/vec4 1, 0, 4;
    %store/vec4 v0x564b59ebbfa0_0, 0, 4;
    %pushi/vec4 2, 0, 2;
    %store/vec4 v0x564b59ebc090_0, 0, 2;
    %delay 5000, 0;
    %vpi_call 2 25 "$finish" {0 0 0};
    %end;
    .thread T_0;
# The file index is used to find the file name in the following table.
:file_names 4;
    "N/A";
    "<interactive>";
    "shifter4b_tb.v";
    "./shifter4b.v";
