#! /usr/bin/vvp
:ivl_version "12.0 (stable)";
:ivl_delay_selection "TYPICAL";
:vpi_time_precision - 12;
:vpi_module "/usr/lib/x86_64-linux-gnu/ivl/system.vpi";
:vpi_module "/usr/lib/x86_64-linux-gnu/ivl/vhdl_sys.vpi";
:vpi_module "/usr/lib/x86_64-linux-gnu/ivl/vhdl_textio.vpi";
:vpi_module "/usr/lib/x86_64-linux-gnu/ivl/v2005_math.vpi";
:vpi_module "/usr/lib/x86_64-linux-gnu/ivl/va_math.vpi";
S_0x60fc029323b0 .scope module, "sub4b_tb" "sub4b_tb" 2 4;
 .timescale -9 -12;
v0x60fc02970110_0 .var "A", 3 0;
v0x60fc029701f0_0 .var "B", 3 0;
v0x60fc029702b0_0 .net "D", 3 0, L_0x60fc02971e20;  1 drivers
v0x60fc029703a0_0 .net "N", 0 0, L_0x60fc02972650;  1 drivers
v0x60fc02970440_0 .net "Ov", 0 0, L_0x60fc029724c0;  1 drivers
v0x60fc02970530_0 .net "Z", 0 0, L_0x60fc02972740;  1 drivers
S_0x60fc0293aad0 .scope module, "dut" "sub4b_signed" 2 9, 3 4 0, S_0x60fc029323b0;
 .timescale 0 0;
    .port_info 0 /INPUT 4 "A";
    .port_info 1 /INPUT 4 "B";
    .port_info 2 /OUTPUT 4 "D";
    .port_info 3 /OUTPUT 1 "Overflow";
    .port_info 4 /OUTPUT 1 "Negative";
    .port_info 5 /OUTPUT 1 "Zero";
L_0x60fc02970600 .functor NOT 4, v0x60fc029701f0_0, C4<0000>, C4<0000>, C4<0000>;
L_0x60fc029721d0 .functor XOR 1, L_0x60fc02972090, L_0x60fc02972130, C4<0>, C4<0>;
L_0x60fc02972400 .functor XOR 1, L_0x60fc02972290, L_0x60fc02972330, C4<0>, C4<0>;
L_0x60fc029724c0 .functor AND 1, L_0x60fc029721d0, L_0x60fc02972400, C4<1>, C4<1>;
v0x60fc0296f3c0_0 .net "A", 3 0, v0x60fc02970110_0;  1 drivers
v0x60fc0296f4a0_0 .net "B", 3 0, v0x60fc029701f0_0;  1 drivers
v0x60fc0296f560_0 .net "Bx", 3 0, L_0x60fc02970600;  1 drivers
v0x60fc0296f630_0 .net "Co", 0 0, L_0x60fc02971b80;  1 drivers
v0x60fc0296f720_0 .net "D", 3 0, L_0x60fc02971e20;  alias, 1 drivers
v0x60fc0296f810_0 .net "Negative", 0 0, L_0x60fc02972650;  alias, 1 drivers
v0x60fc0296f8b0_0 .net "Overflow", 0 0, L_0x60fc029724c0;  alias, 1 drivers
v0x60fc0296f970_0 .net "Zero", 0 0, L_0x60fc02972740;  alias, 1 drivers
v0x60fc0296fa30_0 .net *"_ivl_11", 0 0, L_0x60fc02972290;  1 drivers
v0x60fc0296fb10_0 .net *"_ivl_13", 0 0, L_0x60fc02972330;  1 drivers
v0x60fc0296fbf0_0 .net *"_ivl_14", 0 0, L_0x60fc02972400;  1 drivers
L_0x7c1de8a9d060 .functor BUFT 1, C4<0000>, C4<0>, C4<0>, C4<0>;
v0x60fc0296fcd0_0 .net/2u *"_ivl_20", 3 0, L_0x7c1de8a9d060;  1 drivers
v0x60fc0296fdb0_0 .net *"_ivl_5", 0 0, L_0x60fc02972090;  1 drivers
v0x60fc0296fe90_0 .net *"_ivl_7", 0 0, L_0x60fc02972130;  1 drivers
v0x60fc0296ff70_0 .net *"_ivl_8", 0 0, L_0x60fc029721d0;  1 drivers
L_0x60fc02972090 .part v0x60fc02970110_0, 3, 1;
L_0x60fc02972130 .part v0x60fc029701f0_0, 3, 1;
L_0x60fc02972290 .part v0x60fc02970110_0, 3, 1;
L_0x60fc02972330 .part L_0x60fc02971e20, 3, 1;
L_0x60fc02972650 .part L_0x60fc02971e20, 3, 1;
L_0x60fc02972740 .cmp/eq 4, L_0x60fc02971e20, L_0x7c1de8a9d060;
S_0x60fc0293b750 .scope module, "u_add" "sum4b" 3 16, 4 3 0, S_0x60fc0293aad0;
 .timescale 0 0;
    .port_info 0 /INPUT 4 "A";
    .port_info 1 /INPUT 4 "B";
    .port_info 2 /INPUT 1 "Ci";
    .port_info 3 /OUTPUT 4 "S";
    .port_info 4 /OUTPUT 1 "Co";
v0x60fc0296ec60_0 .net "A", 3 0, v0x60fc02970110_0;  alias, 1 drivers
v0x60fc0296ed60_0 .net "B", 3 0, L_0x60fc02970600;  alias, 1 drivers
v0x60fc0296ee40_0 .net "C0", 0 0, L_0x60fc02970aa0;  1 drivers
v0x60fc0296ef30_0 .net "C1", 0 0, L_0x60fc02970f80;  1 drivers
v0x60fc0296f020_0 .net "C2", 0 0, L_0x60fc029715d0;  1 drivers
L_0x7c1de8a9d018 .functor BUFT 1, C4<1>, C4<0>, C4<0>, C4<0>;
v0x60fc0296f160_0 .net "Ci", 0 0, L_0x7c1de8a9d018;  1 drivers
v0x60fc0296f200_0 .net "Co", 0 0, L_0x60fc02971b80;  alias, 1 drivers
v0x60fc0296f2a0_0 .net "S", 3 0, L_0x60fc02971e20;  alias, 1 drivers
L_0x60fc02970bb0 .part v0x60fc02970110_0, 0, 1;
L_0x60fc02970c50 .part L_0x60fc02970600, 0, 1;
L_0x60fc02971090 .part v0x60fc02970110_0, 1, 1;
L_0x60fc029711c0 .part L_0x60fc02970600, 1, 1;
L_0x60fc029716e0 .part v0x60fc02970110_0, 2, 1;
L_0x60fc02971780 .part L_0x60fc02970600, 2, 1;
L_0x60fc02971c90 .part v0x60fc02970110_0, 3, 1;
L_0x60fc02971d30 .part L_0x60fc02970600, 3, 1;
L_0x60fc02971e20 .concat8 [ 1 1 1 1], L_0x60fc02970a00, L_0x60fc02970ee0, L_0x60fc02971530, L_0x60fc02971ae0;
S_0x60fc02938b90 .scope module, "bit0" "sum1b" 4 15, 5 1 0, S_0x60fc0293b750;
 .timescale 0 0;
    .port_info 0 /INPUT 1 "A";
    .port_info 1 /INPUT 1 "B";
    .port_info 2 /INPUT 1 "Ci";
    .port_info 3 /OUTPUT 1 "S";
    .port_info 4 /OUTPUT 1 "Co";
L_0x60fc02970710 .functor XOR 1, L_0x60fc02970bb0, L_0x60fc02970c50, C4<0>, C4<0>;
L_0x60fc029707b0 .functor AND 1, L_0x60fc02970bb0, L_0x60fc02970c50, C4<1>, C4<1>;
L_0x60fc029708f0 .functor AND 1, L_0x7c1de8a9d018, L_0x60fc02970710, C4<1>, C4<1>;
L_0x60fc02970a00 .functor XOR 1, L_0x7c1de8a9d018, L_0x60fc02970710, C4<0>, C4<0>;
L_0x60fc02970aa0 .functor OR 1, L_0x60fc029707b0, L_0x60fc029708f0, C4<0>, C4<0>;
v0x60fc02934ba0_0 .net "A", 0 0, L_0x60fc02970bb0;  1 drivers
v0x60fc0296cbd0_0 .net "B", 0 0, L_0x60fc02970c50;  1 drivers
v0x60fc0296cc90_0 .net "Ci", 0 0, L_0x7c1de8a9d018;  alias, 1 drivers
v0x60fc0296cd30_0 .net "Co", 0 0, L_0x60fc02970aa0;  alias, 1 drivers
v0x60fc0296cdf0_0 .net "S", 0 0, L_0x60fc02970a00;  1 drivers
v0x60fc0296cf00_0 .net "and1", 0 0, L_0x60fc029707b0;  1 drivers
v0x60fc0296cfc0_0 .net "and2", 0 0, L_0x60fc029708f0;  1 drivers
v0x60fc0296d080_0 .net "xor1", 0 0, L_0x60fc02970710;  1 drivers
S_0x60fc0296d1e0 .scope module, "bit1" "sum1b" 4 16, 5 1 0, S_0x60fc0293b750;
 .timescale 0 0;
    .port_info 0 /INPUT 1 "A";
    .port_info 1 /INPUT 1 "B";
    .port_info 2 /INPUT 1 "Ci";
    .port_info 3 /OUTPUT 1 "S";
    .port_info 4 /OUTPUT 1 "Co";
L_0x60fc02970cf0 .functor XOR 1, L_0x60fc02971090, L_0x60fc029711c0, C4<0>, C4<0>;
L_0x60fc02970d60 .functor AND 1, L_0x60fc02971090, L_0x60fc029711c0, C4<1>, C4<1>;
L_0x60fc02970e70 .functor AND 1, L_0x60fc02970aa0, L_0x60fc02970cf0, C4<1>, C4<1>;
L_0x60fc02970ee0 .functor XOR 1, L_0x60fc02970aa0, L_0x60fc02970cf0, C4<0>, C4<0>;
L_0x60fc02970f80 .functor OR 1, L_0x60fc02970d60, L_0x60fc02970e70, C4<0>, C4<0>;
v0x60fc0296d3e0_0 .net "A", 0 0, L_0x60fc02971090;  1 drivers
v0x60fc0296d4a0_0 .net "B", 0 0, L_0x60fc029711c0;  1 drivers
v0x60fc0296d560_0 .net "Ci", 0 0, L_0x60fc02970aa0;  alias, 1 drivers
v0x60fc0296d600_0 .net "Co", 0 0, L_0x60fc02970f80;  alias, 1 drivers
v0x60fc0296d6a0_0 .net "S", 0 0, L_0x60fc02970ee0;  1 drivers
v0x60fc0296d790_0 .net "and1", 0 0, L_0x60fc02970d60;  1 drivers
v0x60fc0296d850_0 .net "and2", 0 0, L_0x60fc02970e70;  1 drivers
v0x60fc0296d910_0 .net "xor1", 0 0, L_0x60fc02970cf0;  1 drivers
S_0x60fc0296da70 .scope module, "bit2" "sum1b" 4 17, 5 1 0, S_0x60fc0293b750;
 .timescale 0 0;
    .port_info 0 /INPUT 1 "A";
    .port_info 1 /INPUT 1 "B";
    .port_info 2 /INPUT 1 "Ci";
    .port_info 3 /OUTPUT 1 "S";
    .port_info 4 /OUTPUT 1 "Co";
L_0x60fc02971320 .functor XOR 1, L_0x60fc029716e0, L_0x60fc02971780, C4<0>, C4<0>;
L_0x60fc02971390 .functor AND 1, L_0x60fc029716e0, L_0x60fc02971780, C4<1>, C4<1>;
L_0x60fc02971430 .functor AND 1, L_0x60fc02970f80, L_0x60fc02971320, C4<1>, C4<1>;
L_0x60fc02971530 .functor XOR 1, L_0x60fc02970f80, L_0x60fc02971320, C4<0>, C4<0>;
L_0x60fc029715d0 .functor OR 1, L_0x60fc02971390, L_0x60fc02971430, C4<0>, C4<0>;
v0x60fc0296dc80_0 .net "A", 0 0, L_0x60fc029716e0;  1 drivers
v0x60fc0296dd40_0 .net "B", 0 0, L_0x60fc02971780;  1 drivers
v0x60fc0296de00_0 .net "Ci", 0 0, L_0x60fc02970f80;  alias, 1 drivers
v0x60fc0296df00_0 .net "Co", 0 0, L_0x60fc029715d0;  alias, 1 drivers
v0x60fc0296dfa0_0 .net "S", 0 0, L_0x60fc02971530;  1 drivers
v0x60fc0296e090_0 .net "and1", 0 0, L_0x60fc02971390;  1 drivers
v0x60fc0296e150_0 .net "and2", 0 0, L_0x60fc02971430;  1 drivers
v0x60fc0296e210_0 .net "xor1", 0 0, L_0x60fc02971320;  1 drivers
S_0x60fc0296e370 .scope module, "bit3" "sum1b" 4 18, 5 1 0, S_0x60fc0293b750;
 .timescale 0 0;
    .port_info 0 /INPUT 1 "A";
    .port_info 1 /INPUT 1 "B";
    .port_info 2 /INPUT 1 "Ci";
    .port_info 3 /OUTPUT 1 "S";
    .port_info 4 /OUTPUT 1 "Co";
L_0x60fc02971860 .functor XOR 1, L_0x60fc02971c90, L_0x60fc02971d30, C4<0>, C4<0>;
L_0x60fc029718d0 .functor AND 1, L_0x60fc02971c90, L_0x60fc02971d30, C4<1>, C4<1>;
L_0x60fc029719e0 .functor AND 1, L_0x60fc029715d0, L_0x60fc02971860, C4<1>, C4<1>;
L_0x60fc02971ae0 .functor XOR 1, L_0x60fc029715d0, L_0x60fc02971860, C4<0>, C4<0>;
L_0x60fc02971b80 .functor OR 1, L_0x60fc029718d0, L_0x60fc029719e0, C4<0>, C4<0>;
v0x60fc0296e550_0 .net "A", 0 0, L_0x60fc02971c90;  1 drivers
v0x60fc0296e630_0 .net "B", 0 0, L_0x60fc02971d30;  1 drivers
v0x60fc0296e6f0_0 .net "Ci", 0 0, L_0x60fc029715d0;  alias, 1 drivers
v0x60fc0296e7f0_0 .net "Co", 0 0, L_0x60fc02971b80;  alias, 1 drivers
v0x60fc0296e890_0 .net "S", 0 0, L_0x60fc02971ae0;  1 drivers
v0x60fc0296e980_0 .net "and1", 0 0, L_0x60fc029718d0;  1 drivers
v0x60fc0296ea40_0 .net "and2", 0 0, L_0x60fc029719e0;  1 drivers
v0x60fc0296eb00_0 .net "xor1", 0 0, L_0x60fc02971860;  1 drivers
    .scope S_0x60fc029323b0;
T_0 ;
    %vpi_call 2 12 "$dumpfile", "sub4b.vcd" {0 0 0};
    %vpi_call 2 13 "$dumpvars", 32'sb00000000000000000000000000000000, S_0x60fc029323b0 {0 0 0};
    %pushi/vec4 7, 0, 4;
    %store/vec4 v0x60fc02970110_0, 0, 4;
    %pushi/vec4 2, 0, 4;
    %store/vec4 v0x60fc029701f0_0, 0, 4;
    %delay 1000, 0;
    %load/vec4 v0x60fc02970110_0;
    %load/vec4 v0x60fc029701f0_0;
    %load/vec4 v0x60fc029702b0_0;
    %vpi_call 2 17 "$display", "A=%0d B=%0d | D=%0d (0x%0h) Ov=%b N=%b Z=%b", S<2,vec4,s4>, S<1,vec4,s4>, S<0,vec4,s4>, v0x60fc029702b0_0, v0x60fc02970440_0, v0x60fc029703a0_0, v0x60fc02970530_0 {3 0 0};
    %pushi/vec4 3, 0, 4;
    %store/vec4 v0x60fc02970110_0, 0, 4;
    %pushi/vec4 5, 0, 4;
    %store/vec4 v0x60fc029701f0_0, 0, 4;
    %delay 1000, 0;
    %load/vec4 v0x60fc02970110_0;
    %load/vec4 v0x60fc029701f0_0;
    %load/vec4 v0x60fc029702b0_0;
    %vpi_call 2 21 "$display", "A=%0d B=%0d | D=%0d (0x%0h) Ov=%b N=%b Z=%b", S<2,vec4,s4>, S<1,vec4,s4>, S<0,vec4,s4>, v0x60fc029702b0_0, v0x60fc02970440_0, v0x60fc029703a0_0, v0x60fc02970530_0 {3 0 0};
    %pushi/vec4 13, 0, 4;
    %store/vec4 v0x60fc02970110_0, 0, 4;
    %pushi/vec4 5, 0, 4;
    %store/vec4 v0x60fc029701f0_0, 0, 4;
    %delay 1000, 0;
    %load/vec4 v0x60fc02970110_0;
    %load/vec4 v0x60fc029701f0_0;
    %load/vec4 v0x60fc029702b0_0;
    %vpi_call 2 25 "$display", "A=%0d B=%0d | D=%0d (0x%0h) Ov=%b N=%b Z=%b", S<2,vec4,s4>, S<1,vec4,s4>, S<0,vec4,s4>, v0x60fc029702b0_0, v0x60fc02970440_0, v0x60fc029703a0_0, v0x60fc02970530_0 {3 0 0};
    %pushi/vec4 7, 0, 4;
    %store/vec4 v0x60fc02970110_0, 0, 4;
    %pushi/vec4 14, 0, 4;
    %store/vec4 v0x60fc029701f0_0, 0, 4;
    %delay 1000, 0;
    %load/vec4 v0x60fc02970110_0;
    %load/vec4 v0x60fc029701f0_0;
    %load/vec4 v0x60fc029702b0_0;
    %vpi_call 2 29 "$display", "A=%0d B=%0d | D=%0d (0x%0h) Ov=%b N=%b Z=%b", S<2,vec4,s4>, S<1,vec4,s4>, S<0,vec4,s4>, v0x60fc029702b0_0, v0x60fc02970440_0, v0x60fc029703a0_0, v0x60fc02970530_0 {3 0 0};
    %pushi/vec4 8, 0, 4;
    %store/vec4 v0x60fc02970110_0, 0, 4;
    %pushi/vec4 1, 0, 4;
    %store/vec4 v0x60fc029701f0_0, 0, 4;
    %delay 1000, 0;
    %load/vec4 v0x60fc02970110_0;
    %load/vec4 v0x60fc029701f0_0;
    %load/vec4 v0x60fc029702b0_0;
    %vpi_call 2 33 "$display", "A=%0d B=%0d | D=%0d (0x%0h) Ov=%b N=%b Z=%b", S<2,vec4,s4>, S<1,vec4,s4>, S<0,vec4,s4>, v0x60fc029702b0_0, v0x60fc02970440_0, v0x60fc029703a0_0, v0x60fc02970530_0 {3 0 0};
    %pushi/vec4 5, 0, 4;
    %store/vec4 v0x60fc02970110_0, 0, 4;
    %pushi/vec4 5, 0, 4;
    %store/vec4 v0x60fc029701f0_0, 0, 4;
    %delay 1000, 0;
    %load/vec4 v0x60fc02970110_0;
    %load/vec4 v0x60fc029701f0_0;
    %load/vec4 v0x60fc029702b0_0;
    %vpi_call 2 37 "$display", "A=%0d B=%0d | D=%0d (0x%0h) Ov=%b N=%b Z=%b", S<2,vec4,s4>, S<1,vec4,s4>, S<0,vec4,s4>, v0x60fc029702b0_0, v0x60fc02970440_0, v0x60fc029703a0_0, v0x60fc02970530_0 {3 0 0};
    %vpi_call 2 39 "$finish" {0 0 0};
    %end;
    .thread T_0;
# The file index is used to find the file name in the following table.
:file_names 6;
    "N/A";
    "<interactive>";
    "subtraction4b_tb.v";
    "./subtraction4b.v";
    "./sum4b.v";
    "./sum1b.v";
