#! /usr/bin/vvp
:ivl_version "12.0 (stable)";
:ivl_delay_selection "TYPICAL";
:vpi_time_precision - 12;
:vpi_module "/usr/lib/x86_64-linux-gnu/ivl/system.vpi";
:vpi_module "/usr/lib/x86_64-linux-gnu/ivl/vhdl_sys.vpi";
:vpi_module "/usr/lib/x86_64-linux-gnu/ivl/vhdl_textio.vpi";
:vpi_module "/usr/lib/x86_64-linux-gnu/ivl/v2005_math.vpi";
:vpi_module "/usr/lib/x86_64-linux-gnu/ivl/va_math.vpi";
S_0x64290e127270 .scope module, "xor1_tb" "xor1_tb" 2 4;
 .timescale -9 -12;
v0x64290e13a690_0 .var "a", 0 0;
v0x64290e13a760_0 .var "b", 0 0;
v0x64290e13a830_0 .net "y", 0 0, L_0x64290e13a930;  1 drivers
S_0x64290e127400 .scope module, "dut" "xor1" 2 9, 3 1 0, S_0x64290e127270;
 .timescale 0 0;
    .port_info 0 /INPUT 1 "a";
    .port_info 1 /INPUT 1 "b";
    .port_info 2 /OUTPUT 1 "y";
L_0x64290e13a930 .functor XOR 1, v0x64290e13a690_0, v0x64290e13a760_0, C4<0>, C4<0>;
v0x64290e0ee490_0 .net "a", 0 0, v0x64290e13a690_0;  1 drivers
v0x64290e13a4b0_0 .net "b", 0 0, v0x64290e13a760_0;  1 drivers
v0x64290e13a570_0 .net "y", 0 0, L_0x64290e13a930;  alias, 1 drivers
    .scope S_0x64290e127270;
T_0 ;
    %vpi_call 2 13 "$dumpfile", "xor1_tb.vcd" {0 0 0};
    %vpi_call 2 14 "$dumpvars", 32'sb00000000000000000000000000000000, S_0x64290e127270 {0 0 0};
    %end;
    .thread T_0;
    .scope S_0x64290e127270;
T_1 ;
    %vpi_call 2 19 "$display", " t(ns) | a b | y" {0 0 0};
    %vpi_call 2 20 "$monitor", "%6t | %b %b | %b", $time, v0x64290e13a690_0, v0x64290e13a760_0, v0x64290e13a830_0 {0 0 0};
    %end;
    .thread T_1;
    .scope S_0x64290e127270;
T_2 ;
    %pushi/vec4 0, 0, 1;
    %store/vec4 v0x64290e13a690_0, 0, 1;
    %pushi/vec4 0, 0, 1;
    %store/vec4 v0x64290e13a760_0, 0, 1;
    %delay 5000, 0;
    %pushi/vec4 0, 0, 1;
    %store/vec4 v0x64290e13a690_0, 0, 1;
    %pushi/vec4 1, 0, 1;
    %store/vec4 v0x64290e13a760_0, 0, 1;
    %delay 5000, 0;
    %pushi/vec4 1, 0, 1;
    %store/vec4 v0x64290e13a690_0, 0, 1;
    %pushi/vec4 0, 0, 1;
    %store/vec4 v0x64290e13a760_0, 0, 1;
    %delay 5000, 0;
    %pushi/vec4 1, 0, 1;
    %store/vec4 v0x64290e13a690_0, 0, 1;
    %pushi/vec4 1, 0, 1;
    %store/vec4 v0x64290e13a760_0, 0, 1;
    %delay 5000, 0;
    %vpi_call 2 29 "$finish" {0 0 0};
    %end;
    .thread T_2;
# The file index is used to find the file name in the following table.
:file_names 4;
    "N/A";
    "<interactive>";
    "xorNb_tb.v";
    "./xorNb.v";
